J:\YEAR TWO YAY\PROG 2100 - C++\3-C++ ASSIGNMENTS\ASSIGNMENT #5 - ZOMBIES\ASSIGNMENT5-ZOMBIES\ZOMBIES\ZOMBIES\DEBUG\CITY.OBJ
J:\YEAR TWO YAY\PROG 2100 - C++\3-C++ ASSIGNMENTS\ASSIGNMENT #5 - ZOMBIES\ASSIGNMENT5-ZOMBIES\ZOMBIES\ZOMBIES\DEBUG\SOURCE.OBJ
J:\YEAR TWO YAY\PROG 2100 - C++\3-C++ ASSIGNMENTS\ASSIGNMENT #5 - ZOMBIES\ASSIGNMENT5-ZOMBIES\ZOMBIES\ZOMBIES\DEBUG\VC110.PDB
J:\YEAR TWO YAY\PROG 2100 - C++\3-C++ ASSIGNMENTS\ASSIGNMENT #5 - ZOMBIES\ASSIGNMENT5-ZOMBIES\ZOMBIES\ZOMBIES\DEBUG\HUMAN.OBJ
J:\YEAR TWO YAY\PROG 2100 - C++\3-C++ ASSIGNMENTS\ASSIGNMENT #5 - ZOMBIES\ASSIGNMENT5-ZOMBIES\ZOMBIES\ZOMBIES\DEBUG\ORGANISM.OBJ
J:\YEAR TWO YAY\PROG 2100 - C++\3-C++ ASSIGNMENTS\ASSIGNMENT #5 - ZOMBIES\ASSIGNMENT5-ZOMBIES\ZOMBIES\ZOMBIES\DEBUG\ZOMBIE.OBJ
J:\YEAR TWO YAY\PROG 2100 - C++\3-C++ ASSIGNMENTS\ASSIGNMENT #5 - ZOMBIES\ASSIGNMENT5-ZOMBIES\ZOMBIES\DEBUG\ZOMBIES.ILK
J:\YEAR TWO YAY\PROG 2100 - C++\3-C++ ASSIGNMENTS\ASSIGNMENT #5 - ZOMBIES\ASSIGNMENT5-ZOMBIES\ZOMBIES\DEBUG\ZOMBIES.EXE
J:\YEAR TWO YAY\PROG 2100 - C++\3-C++ ASSIGNMENTS\ASSIGNMENT #5 - ZOMBIES\ASSIGNMENT5-ZOMBIES\ZOMBIES\DEBUG\ZOMBIES.PDB
J:\more junk\YEAR TWO YAY\PROG 2100 - C++\3-C++ Assignments\Assignment #5 - Zombies\Assignment5-Zombies\Zombies\Zombies\Debug\City.obj
J:\more junk\YEAR TWO YAY\PROG 2100 - C++\3-C++ Assignments\Assignment #5 - Zombies\Assignment5-Zombies\Zombies\Zombies\Debug\Human.obj
J:\more junk\YEAR TWO YAY\PROG 2100 - C++\3-C++ Assignments\Assignment #5 - Zombies\Assignment5-Zombies\Zombies\Zombies\Debug\Organism.obj
J:\more junk\YEAR TWO YAY\PROG 2100 - C++\3-C++ Assignments\Assignment #5 - Zombies\Assignment5-Zombies\Zombies\Zombies\Debug\Source.obj
J:\more junk\YEAR TWO YAY\PROG 2100 - C++\3-C++ Assignments\Assignment #5 - Zombies\Assignment5-Zombies\Zombies\Zombies\Debug\Zombie.obj
J:\more junk\YEAR TWO YAY\PROG 2100 - C++\3-C++ Assignments\Assignment #5 - Zombies\Assignment5-Zombies\Zombies\Zombies\Debug\cl.command.1.tlog
J:\more junk\YEAR TWO YAY\PROG 2100 - C++\3-C++ Assignments\Assignment #5 - Zombies\Assignment5-Zombies\Zombies\Zombies\Debug\CL.read.1.tlog
J:\more junk\YEAR TWO YAY\PROG 2100 - C++\3-C++ Assignments\Assignment #5 - Zombies\Assignment5-Zombies\Zombies\Zombies\Debug\CL.write.1.tlog
J:\more junk\YEAR TWO YAY\PROG 2100 - C++\3-C++ Assignments\Assignment #5 - Zombies\Assignment5-Zombies\Zombies\Zombies\Debug\link-cvtres.read.1.tlog
J:\more junk\YEAR TWO YAY\PROG 2100 - C++\3-C++ Assignments\Assignment #5 - Zombies\Assignment5-Zombies\Zombies\Zombies\Debug\link-cvtres.write.1.tlog
J:\more junk\YEAR TWO YAY\PROG 2100 - C++\3-C++ Assignments\Assignment #5 - Zombies\Assignment5-Zombies\Zombies\Zombies\Debug\link-rc.read.1.tlog
J:\more junk\YEAR TWO YAY\PROG 2100 - C++\3-C++ Assignments\Assignment #5 - Zombies\Assignment5-Zombies\Zombies\Zombies\Debug\link-rc.write.1.tlog
J:\more junk\YEAR TWO YAY\PROG 2100 - C++\3-C++ Assignments\Assignment #5 - Zombies\Assignment5-Zombies\Zombies\Zombies\Debug\link.102404-cvtres.read.1.tlog
J:\more junk\YEAR TWO YAY\PROG 2100 - C++\3-C++ Assignments\Assignment #5 - Zombies\Assignment5-Zombies\Zombies\Zombies\Debug\link.102404-cvtres.write.1.tlog
J:\more junk\YEAR TWO YAY\PROG 2100 - C++\3-C++ Assignments\Assignment #5 - Zombies\Assignment5-Zombies\Zombies\Zombies\Debug\link.102404-rc.read.1.tlog
J:\more junk\YEAR TWO YAY\PROG 2100 - C++\3-C++ Assignments\Assignment #5 - Zombies\Assignment5-Zombies\Zombies\Zombies\Debug\link.102404-rc.write.1.tlog
J:\more junk\YEAR TWO YAY\PROG 2100 - C++\3-C++ Assignments\Assignment #5 - Zombies\Assignment5-Zombies\Zombies\Zombies\Debug\link.102404.read.1.tlog
J:\more junk\YEAR TWO YAY\PROG 2100 - C++\3-C++ Assignments\Assignment #5 - Zombies\Assignment5-Zombies\Zombies\Zombies\Debug\link.102404.write.1.tlog
J:\more junk\YEAR TWO YAY\PROG 2100 - C++\3-C++ Assignments\Assignment #5 - Zombies\Assignment5-Zombies\Zombies\Zombies\Debug\link.103888-cvtres.read.1.tlog
J:\more junk\YEAR TWO YAY\PROG 2100 - C++\3-C++ Assignments\Assignment #5 - Zombies\Assignment5-Zombies\Zombies\Zombies\Debug\link.103888-cvtres.write.1.tlog
J:\more junk\YEAR TWO YAY\PROG 2100 - C++\3-C++ Assignments\Assignment #5 - Zombies\Assignment5-Zombies\Zombies\Zombies\Debug\link.103888-rc.read.1.tlog
J:\more junk\YEAR TWO YAY\PROG 2100 - C++\3-C++ Assignments\Assignment #5 - Zombies\Assignment5-Zombies\Zombies\Zombies\Debug\link.103888-rc.write.1.tlog
J:\more junk\YEAR TWO YAY\PROG 2100 - C++\3-C++ Assignments\Assignment #5 - Zombies\Assignment5-Zombies\Zombies\Zombies\Debug\link.103888.read.1.tlog
J:\more junk\YEAR TWO YAY\PROG 2100 - C++\3-C++ Assignments\Assignment #5 - Zombies\Assignment5-Zombies\Zombies\Zombies\Debug\link.103888.write.1.tlog
J:\more junk\YEAR TWO YAY\PROG 2100 - C++\3-C++ Assignments\Assignment #5 - Zombies\Assignment5-Zombies\Zombies\Zombies\Debug\link.105160-cvtres.read.1.tlog
J:\more junk\YEAR TWO YAY\PROG 2100 - C++\3-C++ Assignments\Assignment #5 - Zombies\Assignment5-Zombies\Zombies\Zombies\Debug\link.105160-cvtres.write.1.tlog
J:\more junk\YEAR TWO YAY\PROG 2100 - C++\3-C++ Assignments\Assignment #5 - Zombies\Assignment5-Zombies\Zombies\Zombies\Debug\link.105160-rc.read.1.tlog
J:\more junk\YEAR TWO YAY\PROG 2100 - C++\3-C++ Assignments\Assignment #5 - Zombies\Assignment5-Zombies\Zombies\Zombies\Debug\link.105160-rc.write.1.tlog
J:\more junk\YEAR TWO YAY\PROG 2100 - C++\3-C++ Assignments\Assignment #5 - Zombies\Assignment5-Zombies\Zombies\Zombies\Debug\link.105160.read.1.tlog
J:\more junk\YEAR TWO YAY\PROG 2100 - C++\3-C++ Assignments\Assignment #5 - Zombies\Assignment5-Zombies\Zombies\Zombies\Debug\link.105160.write.1.tlog
J:\more junk\YEAR TWO YAY\PROG 2100 - C++\3-C++ Assignments\Assignment #5 - Zombies\Assignment5-Zombies\Zombies\Zombies\Debug\link.141388-cvtres.read.1.tlog
J:\more junk\YEAR TWO YAY\PROG 2100 - C++\3-C++ Assignments\Assignment #5 - Zombies\Assignment5-Zombies\Zombies\Zombies\Debug\link.141388-cvtres.write.1.tlog
J:\more junk\YEAR TWO YAY\PROG 2100 - C++\3-C++ Assignments\Assignment #5 - Zombies\Assignment5-Zombies\Zombies\Zombies\Debug\link.141388-rc.read.1.tlog
J:\more junk\YEAR TWO YAY\PROG 2100 - C++\3-C++ Assignments\Assignment #5 - Zombies\Assignment5-Zombies\Zombies\Zombies\Debug\link.141388-rc.write.1.tlog
J:\more junk\YEAR TWO YAY\PROG 2100 - C++\3-C++ Assignments\Assignment #5 - Zombies\Assignment5-Zombies\Zombies\Zombies\Debug\link.141388.read.1.tlog
J:\more junk\YEAR TWO YAY\PROG 2100 - C++\3-C++ Assignments\Assignment #5 - Zombies\Assignment5-Zombies\Zombies\Zombies\Debug\link.141388.write.1.tlog
J:\more junk\YEAR TWO YAY\PROG 2100 - C++\3-C++ Assignments\Assignment #5 - Zombies\Assignment5-Zombies\Zombies\Zombies\Debug\link.148536-cvtres.read.1.tlog
J:\more junk\YEAR TWO YAY\PROG 2100 - C++\3-C++ Assignments\Assignment #5 - Zombies\Assignment5-Zombies\Zombies\Zombies\Debug\link.148536-cvtres.write.1.tlog
J:\more junk\YEAR TWO YAY\PROG 2100 - C++\3-C++ Assignments\Assignment #5 - Zombies\Assignment5-Zombies\Zombies\Zombies\Debug\link.148536-rc.read.1.tlog
J:\more junk\YEAR TWO YAY\PROG 2100 - C++\3-C++ Assignments\Assignment #5 - Zombies\Assignment5-Zombies\Zombies\Zombies\Debug\link.148536-rc.write.1.tlog
J:\more junk\YEAR TWO YAY\PROG 2100 - C++\3-C++ Assignments\Assignment #5 - Zombies\Assignment5-Zombies\Zombies\Zombies\Debug\link.148536.read.1.tlog
J:\more junk\YEAR TWO YAY\PROG 2100 - C++\3-C++ Assignments\Assignment #5 - Zombies\Assignment5-Zombies\Zombies\Zombies\Debug\link.148536.write.1.tlog
J:\more junk\YEAR TWO YAY\PROG 2100 - C++\3-C++ Assignments\Assignment #5 - Zombies\Assignment5-Zombies\Zombies\Zombies\Debug\link.150776-cvtres.read.1.tlog
J:\more junk\YEAR TWO YAY\PROG 2100 - C++\3-C++ Assignments\Assignment #5 - Zombies\Assignment5-Zombies\Zombies\Zombies\Debug\link.150776-cvtres.write.1.tlog
J:\more junk\YEAR TWO YAY\PROG 2100 - C++\3-C++ Assignments\Assignment #5 - Zombies\Assignment5-Zombies\Zombies\Zombies\Debug\link.150776-rc.read.1.tlog
J:\more junk\YEAR TWO YAY\PROG 2100 - C++\3-C++ Assignments\Assignment #5 - Zombies\Assignment5-Zombies\Zombies\Zombies\Debug\link.150776-rc.write.1.tlog
J:\more junk\YEAR TWO YAY\PROG 2100 - C++\3-C++ Assignments\Assignment #5 - Zombies\Assignment5-Zombies\Zombies\Zombies\Debug\link.150776.read.1.tlog
J:\more junk\YEAR TWO YAY\PROG 2100 - C++\3-C++ Assignments\Assignment #5 - Zombies\Assignment5-Zombies\Zombies\Zombies\Debug\link.150776.write.1.tlog
J:\more junk\YEAR TWO YAY\PROG 2100 - C++\3-C++ Assignments\Assignment #5 - Zombies\Assignment5-Zombies\Zombies\Zombies\Debug\link.150864-cvtres.read.1.tlog
J:\more junk\YEAR TWO YAY\PROG 2100 - C++\3-C++ Assignments\Assignment #5 - Zombies\Assignment5-Zombies\Zombies\Zombies\Debug\link.150864-cvtres.write.1.tlog
J:\more junk\YEAR TWO YAY\PROG 2100 - C++\3-C++ Assignments\Assignment #5 - Zombies\Assignment5-Zombies\Zombies\Zombies\Debug\link.150864-rc.read.1.tlog
J:\more junk\YEAR TWO YAY\PROG 2100 - C++\3-C++ Assignments\Assignment #5 - Zombies\Assignment5-Zombies\Zombies\Zombies\Debug\link.150864-rc.write.1.tlog
J:\more junk\YEAR TWO YAY\PROG 2100 - C++\3-C++ Assignments\Assignment #5 - Zombies\Assignment5-Zombies\Zombies\Zombies\Debug\link.150864.read.1.tlog
J:\more junk\YEAR TWO YAY\PROG 2100 - C++\3-C++ Assignments\Assignment #5 - Zombies\Assignment5-Zombies\Zombies\Zombies\Debug\link.150864.write.1.tlog
J:\more junk\YEAR TWO YAY\PROG 2100 - C++\3-C++ Assignments\Assignment #5 - Zombies\Assignment5-Zombies\Zombies\Zombies\Debug\link.152456-cvtres.read.1.tlog
J:\more junk\YEAR TWO YAY\PROG 2100 - C++\3-C++ Assignments\Assignment #5 - Zombies\Assignment5-Zombies\Zombies\Zombies\Debug\link.152456-cvtres.write.1.tlog
J:\more junk\YEAR TWO YAY\PROG 2100 - C++\3-C++ Assignments\Assignment #5 - Zombies\Assignment5-Zombies\Zombies\Zombies\Debug\link.152456-rc.read.1.tlog
J:\more junk\YEAR TWO YAY\PROG 2100 - C++\3-C++ Assignments\Assignment #5 - Zombies\Assignment5-Zombies\Zombies\Zombies\Debug\link.152456-rc.write.1.tlog
J:\more junk\YEAR TWO YAY\PROG 2100 - C++\3-C++ Assignments\Assignment #5 - Zombies\Assignment5-Zombies\Zombies\Zombies\Debug\link.152456.read.1.tlog
J:\more junk\YEAR TWO YAY\PROG 2100 - C++\3-C++ Assignments\Assignment #5 - Zombies\Assignment5-Zombies\Zombies\Zombies\Debug\link.152456.write.1.tlog
J:\more junk\YEAR TWO YAY\PROG 2100 - C++\3-C++ Assignments\Assignment #5 - Zombies\Assignment5-Zombies\Zombies\Zombies\Debug\link.153568-cvtres.read.1.tlog
J:\more junk\YEAR TWO YAY\PROG 2100 - C++\3-C++ Assignments\Assignment #5 - Zombies\Assignment5-Zombies\Zombies\Zombies\Debug\link.153568-cvtres.write.1.tlog
J:\more junk\YEAR TWO YAY\PROG 2100 - C++\3-C++ Assignments\Assignment #5 - Zombies\Assignment5-Zombies\Zombies\Zombies\Debug\link.153568-rc.read.1.tlog
J:\more junk\YEAR TWO YAY\PROG 2100 - C++\3-C++ Assignments\Assignment #5 - Zombies\Assignment5-Zombies\Zombies\Zombies\Debug\link.153568-rc.write.1.tlog
J:\more junk\YEAR TWO YAY\PROG 2100 - C++\3-C++ Assignments\Assignment #5 - Zombies\Assignment5-Zombies\Zombies\Zombies\Debug\link.153568.read.1.tlog
J:\more junk\YEAR TWO YAY\PROG 2100 - C++\3-C++ Assignments\Assignment #5 - Zombies\Assignment5-Zombies\Zombies\Zombies\Debug\link.153568.write.1.tlog
J:\more junk\YEAR TWO YAY\PROG 2100 - C++\3-C++ Assignments\Assignment #5 - Zombies\Assignment5-Zombies\Zombies\Zombies\Debug\link.94204-cvtres.read.1.tlog
J:\more junk\YEAR TWO YAY\PROG 2100 - C++\3-C++ Assignments\Assignment #5 - Zombies\Assignment5-Zombies\Zombies\Zombies\Debug\link.94204-cvtres.write.1.tlog
J:\more junk\YEAR TWO YAY\PROG 2100 - C++\3-C++ Assignments\Assignment #5 - Zombies\Assignment5-Zombies\Zombies\Zombies\Debug\link.94204-rc.read.1.tlog
J:\more junk\YEAR TWO YAY\PROG 2100 - C++\3-C++ Assignments\Assignment #5 - Zombies\Assignment5-Zombies\Zombies\Zombies\Debug\link.94204-rc.write.1.tlog
J:\more junk\YEAR TWO YAY\PROG 2100 - C++\3-C++ Assignments\Assignment #5 - Zombies\Assignment5-Zombies\Zombies\Zombies\Debug\link.94204.read.1.tlog
J:\more junk\YEAR TWO YAY\PROG 2100 - C++\3-C++ Assignments\Assignment #5 - Zombies\Assignment5-Zombies\Zombies\Zombies\Debug\link.94204.write.1.tlog
J:\more junk\YEAR TWO YAY\PROG 2100 - C++\3-C++ Assignments\Assignment #5 - Zombies\Assignment5-Zombies\Zombies\Zombies\Debug\link.95000-cvtres.read.1.tlog
J:\more junk\YEAR TWO YAY\PROG 2100 - C++\3-C++ Assignments\Assignment #5 - Zombies\Assignment5-Zombies\Zombies\Zombies\Debug\link.95000-cvtres.write.1.tlog
J:\more junk\YEAR TWO YAY\PROG 2100 - C++\3-C++ Assignments\Assignment #5 - Zombies\Assignment5-Zombies\Zombies\Zombies\Debug\link.95000-rc.read.1.tlog
J:\more junk\YEAR TWO YAY\PROG 2100 - C++\3-C++ Assignments\Assignment #5 - Zombies\Assignment5-Zombies\Zombies\Zombies\Debug\link.95000-rc.write.1.tlog
J:\more junk\YEAR TWO YAY\PROG 2100 - C++\3-C++ Assignments\Assignment #5 - Zombies\Assignment5-Zombies\Zombies\Zombies\Debug\link.95000.read.1.tlog
J:\more junk\YEAR TWO YAY\PROG 2100 - C++\3-C++ Assignments\Assignment #5 - Zombies\Assignment5-Zombies\Zombies\Zombies\Debug\link.95000.write.1.tlog
J:\more junk\YEAR TWO YAY\PROG 2100 - C++\3-C++ Assignments\Assignment #5 - Zombies\Assignment5-Zombies\Zombies\Zombies\Debug\link.95760-cvtres.read.1.tlog
J:\more junk\YEAR TWO YAY\PROG 2100 - C++\3-C++ Assignments\Assignment #5 - Zombies\Assignment5-Zombies\Zombies\Zombies\Debug\link.95760-cvtres.write.1.tlog
J:\more junk\YEAR TWO YAY\PROG 2100 - C++\3-C++ Assignments\Assignment #5 - Zombies\Assignment5-Zombies\Zombies\Zombies\Debug\link.95760-rc.read.1.tlog
J:\more junk\YEAR TWO YAY\PROG 2100 - C++\3-C++ Assignments\Assignment #5 - Zombies\Assignment5-Zombies\Zombies\Zombies\Debug\link.95760-rc.write.1.tlog
J:\more junk\YEAR TWO YAY\PROG 2100 - C++\3-C++ Assignments\Assignment #5 - Zombies\Assignment5-Zombies\Zombies\Zombies\Debug\link.95760.read.1.tlog
J:\more junk\YEAR TWO YAY\PROG 2100 - C++\3-C++ Assignments\Assignment #5 - Zombies\Assignment5-Zombies\Zombies\Zombies\Debug\link.95760.write.1.tlog
J:\more junk\YEAR TWO YAY\PROG 2100 - C++\3-C++ Assignments\Assignment #5 - Zombies\Assignment5-Zombies\Zombies\Zombies\Debug\link.95916-cvtres.read.1.tlog
J:\more junk\YEAR TWO YAY\PROG 2100 - C++\3-C++ Assignments\Assignment #5 - Zombies\Assignment5-Zombies\Zombies\Zombies\Debug\link.95916-cvtres.write.1.tlog
J:\more junk\YEAR TWO YAY\PROG 2100 - C++\3-C++ Assignments\Assignment #5 - Zombies\Assignment5-Zombies\Zombies\Zombies\Debug\link.95916-rc.read.1.tlog
J:\more junk\YEAR TWO YAY\PROG 2100 - C++\3-C++ Assignments\Assignment #5 - Zombies\Assignment5-Zombies\Zombies\Zombies\Debug\link.95916-rc.write.1.tlog
J:\more junk\YEAR TWO YAY\PROG 2100 - C++\3-C++ Assignments\Assignment #5 - Zombies\Assignment5-Zombies\Zombies\Zombies\Debug\link.95916.read.1.tlog
J:\more junk\YEAR TWO YAY\PROG 2100 - C++\3-C++ Assignments\Assignment #5 - Zombies\Assignment5-Zombies\Zombies\Zombies\Debug\link.95916.write.1.tlog
J:\more junk\YEAR TWO YAY\PROG 2100 - C++\3-C++ Assignments\Assignment #5 - Zombies\Assignment5-Zombies\Zombies\Zombies\Debug\link.96388-cvtres.read.1.tlog
J:\more junk\YEAR TWO YAY\PROG 2100 - C++\3-C++ Assignments\Assignment #5 - Zombies\Assignment5-Zombies\Zombies\Zombies\Debug\link.96388-cvtres.write.1.tlog
J:\more junk\YEAR TWO YAY\PROG 2100 - C++\3-C++ Assignments\Assignment #5 - Zombies\Assignment5-Zombies\Zombies\Zombies\Debug\link.96388-rc.read.1.tlog
J:\more junk\YEAR TWO YAY\PROG 2100 - C++\3-C++ Assignments\Assignment #5 - Zombies\Assignment5-Zombies\Zombies\Zombies\Debug\link.96388-rc.write.1.tlog
J:\more junk\YEAR TWO YAY\PROG 2100 - C++\3-C++ Assignments\Assignment #5 - Zombies\Assignment5-Zombies\Zombies\Zombies\Debug\link.96388.read.1.tlog
J:\more junk\YEAR TWO YAY\PROG 2100 - C++\3-C++ Assignments\Assignment #5 - Zombies\Assignment5-Zombies\Zombies\Zombies\Debug\link.96388.write.1.tlog
J:\more junk\YEAR TWO YAY\PROG 2100 - C++\3-C++ Assignments\Assignment #5 - Zombies\Assignment5-Zombies\Zombies\Zombies\Debug\link.97092-cvtres.read.1.tlog
J:\more junk\YEAR TWO YAY\PROG 2100 - C++\3-C++ Assignments\Assignment #5 - Zombies\Assignment5-Zombies\Zombies\Zombies\Debug\link.97092-cvtres.write.1.tlog
J:\more junk\YEAR TWO YAY\PROG 2100 - C++\3-C++ Assignments\Assignment #5 - Zombies\Assignment5-Zombies\Zombies\Zombies\Debug\link.97092-rc.read.1.tlog
J:\more junk\YEAR TWO YAY\PROG 2100 - C++\3-C++ Assignments\Assignment #5 - Zombies\Assignment5-Zombies\Zombies\Zombies\Debug\link.97092-rc.write.1.tlog
J:\more junk\YEAR TWO YAY\PROG 2100 - C++\3-C++ Assignments\Assignment #5 - Zombies\Assignment5-Zombies\Zombies\Zombies\Debug\link.97092.read.1.tlog
J:\more junk\YEAR TWO YAY\PROG 2100 - C++\3-C++ Assignments\Assignment #5 - Zombies\Assignment5-Zombies\Zombies\Zombies\Debug\link.97092.write.1.tlog
J:\more junk\YEAR TWO YAY\PROG 2100 - C++\3-C++ Assignments\Assignment #5 - Zombies\Assignment5-Zombies\Zombies\Zombies\Debug\link.command.1.tlog
J:\more junk\YEAR TWO YAY\PROG 2100 - C++\3-C++ Assignments\Assignment #5 - Zombies\Assignment5-Zombies\Zombies\Zombies\Debug\link.read.1.tlog
J:\more junk\YEAR TWO YAY\PROG 2100 - C++\3-C++ Assignments\Assignment #5 - Zombies\Assignment5-Zombies\Zombies\Zombies\Debug\link.write.1.tlog
J:\more junk\YEAR TWO YAY\PROG 2100 - C++\3-C++ Assignments\Assignment #5 - Zombies\Assignment5-Zombies\Zombies\Zombies\Debug\vc110.idb
J:\more junk\YEAR TWO YAY\PROG 2100 - C++\3-C++ Assignments\Assignment #5 - Zombies\Assignment5-Zombies\Zombies\Zombies\Debug\vc120.idb
J:\more junk\YEAR TWO YAY\PROG 2100 - C++\3-C++ Assignments\Assignment #5 - Zombies\Assignment5-Zombies\Zombies\Zombies\Debug\vc110.pdb
J:\more junk\YEAR TWO YAY\PROG 2100 - C++\3-C++ Assignments\Assignment #5 - Zombies\Assignment5-Zombies\Zombies\Zombies\Debug\vc120.pdb
J:\more junk\YEAR TWO YAY\PROG 2100 - C++\3-C++ Assignments\Assignment #5 - Zombies\Assignment5-Zombies\Zombies\Debug\Zombies.pdb
J:\more junk\YEAR TWO YAY\PROG 2100 - C++\3-C++ Assignments\Assignment #5 - Zombies\Assignment5-Zombies\Zombies\Debug\Zombies.exe
J:\more junk\YEAR TWO YAY\PROG 2100 - C++\3-C++ Assignments\Assignment #5 - Zombies\Assignment5-Zombies\Zombies\Debug\Zombies.ilk
