Build started 02/05/2016 2:28:25 PM.
     1>Project "J:\more junk\YEAR TWO YAY\PROG 2100 - C++\3-C++ Assignments\Assignment #5 - Zombies\Assignment5-Zombies\Zombies\Zombies\Zombies.vcxproj" on node 2 (Rebuild target(s)).
       Project file contains ToolsVersion="12.0". This toolset may be unknown or missing, in which case you may be able to resolve this by installing the appropriate version of MSBuild, or the build may have been forced to a particular ToolsVersion for policy reasons. Treating the project as if it had ToolsVersion="4.0". For more information, please see http://go.microsoft.com/fwlink/?LinkId=291333.
     1>ClCompile:
         C:\Program Files (x86)\Microsoft Visual Studio 11.0\VC\bin\CL.exe /c /ZI /nologo /W3 /WX- /Od /Oy- /D _MBCS /Gm /EHsc /RTC1 /MDd /GS /fp:precise /Zc:wchar_t /Zc:forScope /Fo"Debug\\" /Fd"Debug\vc110.pdb" /Gd /TP /analyze- /errorReport:prompt City.cpp Human.cpp Organism.cpp Source.cpp Zombie.cpp
         Zombie.cpp
         Source.cpp
     1>j:\more junk\year two yay\prog 2100 - c++\3-c++ assignments\assignment #5 - zombies\assignment5-zombies\zombies\zombies\source.cpp(38): warning C4244: 'argument' : conversion from 'time_t' to 'unsigned int', possible loss of data
         Organism.cpp
         Human.cpp
         City.cpp
         Generating Code...
       Link:
         C:\Program Files (x86)\Microsoft Visual Studio 11.0\VC\bin\link.exe /ERRORREPORT:PROMPT /OUT:"J:\more junk\YEAR TWO YAY\PROG 2100 - C++\3-C++ Assignments\Assignment #5 - Zombies\Assignment5-Zombies\Zombies\Debug\Zombies.exe" /INCREMENTAL /NOLOGO kernel32.lib user32.lib gdi32.lib winspool.lib comdlg32.lib advapi32.lib shell32.lib ole32.lib oleaut32.lib uuid.lib odbc32.lib odbccp32.lib /MANIFEST /MANIFESTUAC:"level='asInvoker' uiAccess='false'" /manifest:embed /DEBUG /PDB:"J:\more junk\YEAR TWO YAY\PROG 2100 - C++\3-C++ Assignments\Assignment #5 - Zombies\Assignment5-Zombies\Zombies\Debug\Zombies.pdb" /TLBID:1 /DYNAMICBASE /NXCOMPAT /IMPLIB:"J:\more junk\YEAR TWO YAY\PROG 2100 - C++\3-C++ Assignments\Assignment #5 - Zombies\Assignment5-Zombies\Zombies\Debug\Zombies.lib" /MACHINE:X86 Debug\City.obj
         Debug\Human.obj
         Debug\Organism.obj
         Debug\Source.obj
         Debug\Zombie.obj
         Zombies.vcxproj -> J:\more junk\YEAR TWO YAY\PROG 2100 - C++\3-C++ Assignments\Assignment #5 - Zombies\Assignment5-Zombies\Zombies\Debug\Zombies.exe
     1>Done Building Project "J:\more junk\YEAR TWO YAY\PROG 2100 - C++\3-C++ Assignments\Assignment #5 - Zombies\Assignment5-Zombies\Zombies\Zombies\Zombies.vcxproj" (Rebuild target(s)).

Build succeeded.

Time Elapsed 00:00:10.45
